c:\users\diyng\documents\github\ac-raytracing-graphics\source\vcpp\debug\cube.pch
c:\users\diyng\documents\github\ac-raytracing-graphics\source\vcpp\debug\vc142.pdb
c:\users\diyng\documents\github\ac-raytracing-graphics\source\vcpp\debug\vc142.idb
c:\users\diyng\documents\github\ac-raytracing-graphics\source\vcpp\debug\pch.obj
c:\users\diyng\documents\github\ac-raytracing-graphics\source\vcpp\debug\worldlight.obj
c:\users\diyng\documents\github\ac-raytracing-graphics\source\vcpp\debug\worldio.obj
c:\users\diyng\documents\github\ac-raytracing-graphics\source\vcpp\debug\world.obj
c:\users\diyng\documents\github\ac-raytracing-graphics\source\vcpp\debug\rndmap.obj
c:\users\diyng\documents\github\ac-raytracing-graphics\source\vcpp\debug\editing.obj
c:\users\diyng\documents\github\ac-raytracing-graphics\source\vcpp\debug\serverms.obj
c:\users\diyng\documents\github\ac-raytracing-graphics\source\vcpp\debug\serverbrowser.obj
c:\users\diyng\documents\github\ac-raytracing-graphics\source\vcpp\debug\server.obj
c:\users\diyng\documents\github\ac-raytracing-graphics\source\vcpp\debug\packetqueue.obj
c:\users\diyng\documents\github\ac-raytracing-graphics\source\vcpp\debug\clients2c.obj
c:\users\diyng\documents\github\ac-raytracing-graphics\source\vcpp\debug\clientgame.obj
c:\users\diyng\documents\github\ac-raytracing-graphics\source\vcpp\debug\client.obj
c:\users\diyng\documents\github\ac-raytracing-graphics\source\vcpp\debug\texture.obj
c:\users\diyng\documents\github\ac-raytracing-graphics\source\vcpp\debug\shadow.obj
c:\users\diyng\documents\github\ac-raytracing-graphics\source\vcpp\debug\rendertext.obj
c:\users\diyng\documents\github\ac-raytracing-graphics\source\vcpp\debug\renderparticles.obj
c:\users\diyng\documents\github\ac-raytracing-graphics\source\vcpp\debug\rendermodel.obj
c:\users\diyng\documents\github\ac-raytracing-graphics\source\vcpp\debug\renderhud.obj
c:\users\diyng\documents\github\ac-raytracing-graphics\source\vcpp\debug\rendergl.obj
c:\users\diyng\documents\github\ac-raytracing-graphics\source\vcpp\debug\rendercubes.obj
c:\users\diyng\documents\github\ac-raytracing-graphics\source\vcpp\debug\ac_bot_ai.obj
c:\users\diyng\documents\github\ac-raytracing-graphics\source\vcpp\debug\ac_bot.obj
c:\users\diyng\documents\github\ac-raytracing-graphics\source\vcpp\debug\zip.obj
c:\users\diyng\documents\github\ac-raytracing-graphics\source\vcpp\debug\water.obj
c:\users\diyng\documents\github\ac-raytracing-graphics\source\vcpp\debug\stream.obj
c:\users\diyng\documents\github\ac-raytracing-graphics\source\vcpp\debug\menus.obj
c:\users\diyng\documents\github\ac-raytracing-graphics\source\vcpp\debug\main.obj
c:\users\diyng\documents\github\ac-raytracing-graphics\source\vcpp\debug\log.obj
c:\users\diyng\documents\github\ac-raytracing-graphics\source\vcpp\debug\http.obj
c:\users\diyng\documents\github\ac-raytracing-graphics\source\vcpp\debug\docs.obj
c:\users\diyng\documents\github\ac-raytracing-graphics\source\vcpp\debug\crypto.obj
c:\users\diyng\documents\github\ac-raytracing-graphics\source\vcpp\debug\console.obj
c:\users\diyng\documents\github\ac-raytracing-graphics\source\vcpp\debug\autodownload.obj
c:\users\diyng\documents\github\ac-raytracing-graphics\source\vcpp\debug\command.obj
c:\users\diyng\documents\github\ac-raytracing-graphics\source\vcpp\debug\weapon.obj
c:\users\diyng\documents\github\ac-raytracing-graphics\source\vcpp\debug\scoreboard.obj
c:\users\diyng\documents\github\ac-raytracing-graphics\source\vcpp\debug\physics.obj
c:\users\diyng\documents\github\ac-raytracing-graphics\source\vcpp\debug\entities.obj
c:\users\diyng\documents\github\ac-raytracing-graphics\source\vcpp\debug\worldrender.obj
c:\users\diyng\documents\github\ac-raytracing-graphics\source\vcpp\debug\worldocull.obj
c:\users\diyng\documents\github\ac-raytracing-graphics\source\vcpp\debug\soundscheduler.obj
c:\users\diyng\documents\github\ac-raytracing-graphics\source\vcpp\debug\soundlocation.obj
c:\users\diyng\documents\github\ac-raytracing-graphics\source\vcpp\debug\openal.obj
c:\users\diyng\documents\github\ac-raytracing-graphics\source\vcpp\debug\oggstream.obj
c:\users\diyng\documents\github\ac-raytracing-graphics\source\vcpp\debug\audiomanager.obj
c:\users\diyng\documents\github\ac-raytracing-graphics\source\vcpp\debug\botmanager.obj
c:\users\diyng\documents\github\ac-raytracing-graphics\source\vcpp\debug\bot_waypoint.obj
c:\users\diyng\documents\github\ac-raytracing-graphics\source\vcpp\debug\bot_util.obj
c:\users\diyng\documents\github\ac-raytracing-graphics\source\vcpp\debug\bot_ai.obj
c:\users\diyng\documents\github\ac-raytracing-graphics\source\vcpp\debug\bot.obj
c:\users\diyng\documents\github\ac-raytracing-graphics\source\protocol1.obj
c:\users\diyng\documents\github\ac-raytracing-graphics\source\vcpp\debug\tools.obj
c:\users\diyng\documents\github\ac-raytracing-graphics\source\ac_client.ilk
c:\users\diyng\documents\github\ac-raytracing-graphics\bin_win32\ac_client.exe
c:\users\diyng\documents\github\ac-raytracing-graphics\source\vcpp\debug\ac_client.pdb
c:\users\diyng\documents\github\ac-raytracing-graphics\source\assaultcube.res
c:\users\diyng\documents\github\ac-raytracing-graphics\source\assaultcube.tlog\cl.command.1.tlog
c:\users\diyng\documents\github\ac-raytracing-graphics\source\assaultcube.tlog\cl.read.1.tlog
c:\users\diyng\documents\github\ac-raytracing-graphics\source\assaultcube.tlog\cl.write.1.tlog
c:\users\diyng\documents\github\ac-raytracing-graphics\source\assaultcube.tlog\link.command.1.tlog
c:\users\diyng\documents\github\ac-raytracing-graphics\source\assaultcube.tlog\link.read.1.tlog
c:\users\diyng\documents\github\ac-raytracing-graphics\source\assaultcube.tlog\link.write.1.tlog
c:\users\diyng\documents\github\ac-raytracing-graphics\source\assaultcube.tlog\rc.command.1.tlog
c:\users\diyng\documents\github\ac-raytracing-graphics\source\assaultcube.tlog\rc.read.1.tlog
c:\users\diyng\documents\github\ac-raytracing-graphics\source\assaultcube.tlog\rc.write.1.tlog
